[debug] [2021-03-22T16:53:02.974Z] ----------------------------------------------------------------------
[debug] [2021-03-22T16:53:02.978Z] Command:       C:\Program Files\nodejs\node.exe C:\Users\jeff\AppData\Roaming\npm\node_modules\firebase-tools\lib\bin\firebase.js init
[debug] [2021-03-22T16:53:02.979Z] CLI Version:   9.6.1
[debug] [2021-03-22T16:53:02.979Z] Platform:      win32
[debug] [2021-03-22T16:53:02.979Z] Node Version:  v12.18.0
[debug] [2021-03-22T16:53:02.982Z] Time:          Mon Mar 22 2021 11:53:02 GMT-0500 (GMT-05:00)
[debug] [2021-03-22T16:53:02.982Z] ----------------------------------------------------------------------
[debug] [2021-03-22T16:53:02.982Z] 
[debug] [2021-03-22T16:53:02.994Z] > command requires scopes: ["email","openid","https://www.googleapis.com/auth/cloudplatformprojects.readonly","https://www.googleapis.com/auth/firebase","https://www.googleapis.com/auth/cloud-platform"]
[debug] [2021-03-22T16:53:02.996Z] > authorizing via signed-in user
[info] 
     ######## #### ########  ######## ########     ###     ######  ########
     ##        ##  ##     ## ##       ##     ##  ##   ##  ##       ##
     ######    ##  ########  ######   ########  #########  ######  ######
     ##        ##  ##    ##  ##       ##     ## ##     ##       ## ##
     ##       #### ##     ## ######## ########  ##     ##  ######  ########

You're about to initialize a Firebase project in this directory:

  C:\Desarrollo\React\projecto Lyssa\lyssa

Before we get started, keep in mind:

  * You are currently outside your home directory

[info] 
=== Project Setup
[info] 
[info] First, let's associate this project directory with a Firebase project.
[info] You can create multiple project aliases by running firebase use --add, 
[info] but for now we'll just set up a default project.
[info] 
[debug] [2021-03-22T16:53:19.313Z] >>> [apiv2][query] GET https://firebase.googleapis.com/v1beta1/projects pageSize=100
[debug] [2021-03-22T16:53:19.900Z] <<< [apiv2][status] GET https://firebase.googleapis.com/v1beta1/projects 200
[debug] [2021-03-22T16:53:19.900Z] <<< [apiv2][body] GET https://firebase.googleapis.com/v1beta1/projects [omitted]
[info] i  Using project lyssa-app (lyssa app) 
[info] 
=== Hosting Setup
[info] 
[info] Your public directory is the folder (relative to your project directory) that
[info] will contain Hosting assets to be uploaded with firebase deploy. If you
[info] have a build process for your assets, use your build's output directory.
[info] 
